<?xml version="1.0" encoding="UTF-8"?>
<testng-results ignored="0" total="1" passed="1" failed="0" skipped="0">
  <reporter-output>
  </reporter-output>
  <suite started-at="2020-09-11T21:39:08 IST" name="Default suite" finished-at="2020-09-11T21:39:23 IST" duration-ms="14559">
    <groups>
    </groups>
    <test started-at="2020-09-11T21:39:08 IST" name="Default test" finished-at="2020-09-11T21:39:23 IST" duration-ms="14559">
      <class name="selenium.ExtentReportDemo">
        <test-method is-config="true" signature="config()[pri:0, instance:selenium.ExtentReportDemo@3c9d0b9d]" started-at="2020-09-11T21:39:08 IST" name="config" finished-at="2020-09-11T21:39:09 IST" duration-ms="339" status="PASS">
          <reporter-output>
          </reporter-output>
        </test-method> <!-- config -->
        <test-method signature="initialDemo()[pri:0, instance:selenium.ExtentReportDemo@3c9d0b9d]" started-at="2020-09-11T21:39:09 IST" name="initialDemo" finished-at="2020-09-11T21:39:23 IST" duration-ms="14165" status="PASS">
          <reporter-output>
          </reporter-output>
        </test-method> <!-- initialDemo -->
      </class> <!-- selenium.ExtentReportDemo -->
    </test> <!-- Default test -->
  </suite> <!-- Default suite -->
</testng-results>
